C:\Users\Kfabi\Documents\GitHub\NominaSoft\Capa1_Presentacion\NominaSoft\dist\out-tsc\app\models\empleado.model.js
C:\Users\Kfabi\Documents\GitHub\NominaSoft\Capa1_Presentacion\NominaSoft\dist\out-tsc\app\models\empleado.model.js.map
C:\Users\Kfabi\Documents\GitHub\NominaSoft\Capa1_Presentacion\NominaSoft\dist\out-tsc\app\services\empleado.service.js
C:\Users\Kfabi\Documents\GitHub\NominaSoft\Capa1_Presentacion\NominaSoft\dist\out-tsc\app\services\empleado.service.js.map
C:\Users\Kfabi\Documents\GitHub\NominaSoft\Capa1_Presentacion\NominaSoft\dist\out-tsc\app\models\contrato.model.js
C:\Users\Kfabi\Documents\GitHub\NominaSoft\Capa1_Presentacion\NominaSoft\dist\out-tsc\app\models\contrato.model.js.map
C:\Users\Kfabi\Documents\GitHub\NominaSoft\Capa1_Presentacion\NominaSoft\dist\out-tsc\app\services\contrato.service.js
C:\Users\Kfabi\Documents\GitHub\NominaSoft\Capa1_Presentacion\NominaSoft\dist\out-tsc\app\services\contrato.service.js.map
C:\Users\Kfabi\Documents\GitHub\NominaSoft\Capa1_Presentacion\NominaSoft\dist\out-tsc\app\models\seguro.model.js
C:\Users\Kfabi\Documents\GitHub\NominaSoft\Capa1_Presentacion\NominaSoft\dist\out-tsc\app\models\seguro.model.js.map
C:\Users\Kfabi\Documents\GitHub\NominaSoft\Capa1_Presentacion\NominaSoft\dist\out-tsc\app\services\seguro.service.js
C:\Users\Kfabi\Documents\GitHub\NominaSoft\Capa1_Presentacion\NominaSoft\dist\out-tsc\app\services\seguro.service.js.map
C:\Users\Kfabi\Documents\GitHub\NominaSoft\Capa1_Presentacion\NominaSoft\dist\out-tsc\app\contrato\contrato.component.js
C:\Users\Kfabi\Documents\GitHub\NominaSoft\Capa1_Presentacion\NominaSoft\dist\out-tsc\app\contrato\contrato.component.js.map
C:\Users\Kfabi\Documents\GitHub\NominaSoft\Capa1_Presentacion\NominaSoft\dist\out-tsc\app\recursos\recursos-routing.module.js
C:\Users\Kfabi\Documents\GitHub\NominaSoft\Capa1_Presentacion\NominaSoft\dist\out-tsc\app\recursos\recursos-routing.module.js.map
C:\Users\Kfabi\Documents\GitHub\NominaSoft\Capa1_Presentacion\NominaSoft\dist\out-tsc\app\recursos\navbar\navbar.component.js
C:\Users\Kfabi\Documents\GitHub\NominaSoft\Capa1_Presentacion\NominaSoft\dist\out-tsc\app\recursos\navbar\navbar.component.js.map
C:\Users\Kfabi\Documents\GitHub\NominaSoft\Capa1_Presentacion\NominaSoft\dist\out-tsc\app\recursos\footer\footer.component.js
C:\Users\Kfabi\Documents\GitHub\NominaSoft\Capa1_Presentacion\NominaSoft\dist\out-tsc\app\recursos\footer\footer.component.js.map
C:\Users\Kfabi\Documents\GitHub\NominaSoft\Capa1_Presentacion\NominaSoft\dist\out-tsc\app\recursos\recursos.module.js
C:\Users\Kfabi\Documents\GitHub\NominaSoft\Capa1_Presentacion\NominaSoft\dist\out-tsc\app\recursos\recursos.module.js.map
C:\Users\Kfabi\Documents\GitHub\NominaSoft\Capa1_Presentacion\NominaSoft\dist\out-tsc\app\models\periodo.model.js
C:\Users\Kfabi\Documents\GitHub\NominaSoft\Capa1_Presentacion\NominaSoft\dist\out-tsc\app\models\periodo.model.js.map
C:\Users\Kfabi\Documents\GitHub\NominaSoft\Capa1_Presentacion\NominaSoft\dist\out-tsc\app\services\periodo-pago.service.js
C:\Users\Kfabi\Documents\GitHub\NominaSoft\Capa1_Presentacion\NominaSoft\dist\out-tsc\app\services\periodo-pago.service.js.map
C:\Users\Kfabi\Documents\GitHub\NominaSoft\Capa1_Presentacion\NominaSoft\dist\out-tsc\app\services\pago.service.js
C:\Users\Kfabi\Documents\GitHub\NominaSoft\Capa1_Presentacion\NominaSoft\dist\out-tsc\app\services\pago.service.js.map
C:\Users\Kfabi\Documents\GitHub\NominaSoft\Capa1_Presentacion\NominaSoft\dist\out-tsc\app\home\home.component.js
C:\Users\Kfabi\Documents\GitHub\NominaSoft\Capa1_Presentacion\NominaSoft\dist\out-tsc\app\home\home.component.js.map
C:\Users\Kfabi\Documents\GitHub\NominaSoft\Capa1_Presentacion\NominaSoft\dist\out-tsc\app\pago\pago-realizado\pago-realizado.component.js
C:\Users\Kfabi\Documents\GitHub\NominaSoft\Capa1_Presentacion\NominaSoft\dist\out-tsc\app\pago\pago-realizado\pago-realizado.component.js.map
C:\Users\Kfabi\Documents\GitHub\NominaSoft\Capa1_Presentacion\NominaSoft\dist\out-tsc\app\pago\pagos-registrados\pagos-registrados.component.js
C:\Users\Kfabi\Documents\GitHub\NominaSoft\Capa1_Presentacion\NominaSoft\dist\out-tsc\app\pago\pagos-registrados\pagos-registrados.component.js.map
C:\Users\Kfabi\Documents\GitHub\NominaSoft\Capa1_Presentacion\NominaSoft\dist\out-tsc\app\app-routing.module.js
C:\Users\Kfabi\Documents\GitHub\NominaSoft\Capa1_Presentacion\NominaSoft\dist\out-tsc\app\app-routing.module.js.map
C:\Users\Kfabi\Documents\GitHub\NominaSoft\Capa1_Presentacion\NominaSoft\dist\out-tsc\app\app.component.js
C:\Users\Kfabi\Documents\GitHub\NominaSoft\Capa1_Presentacion\NominaSoft\dist\out-tsc\app\app.component.js.map
C:\Users\Kfabi\Documents\GitHub\NominaSoft\Capa1_Presentacion\NominaSoft\dist\out-tsc\app\home\home-routing.module.js
C:\Users\Kfabi\Documents\GitHub\NominaSoft\Capa1_Presentacion\NominaSoft\dist\out-tsc\app\home\home-routing.module.js.map
C:\Users\Kfabi\Documents\GitHub\NominaSoft\Capa1_Presentacion\NominaSoft\dist\out-tsc\app\home\home.module.js
C:\Users\Kfabi\Documents\GitHub\NominaSoft\Capa1_Presentacion\NominaSoft\dist\out-tsc\app\home\home.module.js.map
C:\Users\Kfabi\Documents\GitHub\NominaSoft\Capa1_Presentacion\NominaSoft\dist\out-tsc\app\pago\pago-routing.module.js
C:\Users\Kfabi\Documents\GitHub\NominaSoft\Capa1_Presentacion\NominaSoft\dist\out-tsc\app\pago\pago-routing.module.js.map
C:\Users\Kfabi\Documents\GitHub\NominaSoft\Capa1_Presentacion\NominaSoft\dist\out-tsc\app\pago\pago.module.js
C:\Users\Kfabi\Documents\GitHub\NominaSoft\Capa1_Presentacion\NominaSoft\dist\out-tsc\app\pago\pago.module.js.map
C:\Users\Kfabi\Documents\GitHub\NominaSoft\Capa1_Presentacion\NominaSoft\dist\out-tsc\app\contrato\contrato-routing.module.js
C:\Users\Kfabi\Documents\GitHub\NominaSoft\Capa1_Presentacion\NominaSoft\dist\out-tsc\app\contrato\contrato-routing.module.js.map
C:\Users\Kfabi\Documents\GitHub\NominaSoft\Capa1_Presentacion\NominaSoft\dist\out-tsc\app\contrato\contrato.module.js
C:\Users\Kfabi\Documents\GitHub\NominaSoft\Capa1_Presentacion\NominaSoft\dist\out-tsc\app\contrato\contrato.module.js.map
C:\Users\Kfabi\Documents\GitHub\NominaSoft\Capa1_Presentacion\NominaSoft\dist\out-tsc\app\app.module.js
C:\Users\Kfabi\Documents\GitHub\NominaSoft\Capa1_Presentacion\NominaSoft\dist\out-tsc\app\app.module.js.map
C:\Users\Kfabi\Documents\GitHub\NominaSoft\Capa1_Presentacion\NominaSoft\dist\out-tsc\environments\environment.js
C:\Users\Kfabi\Documents\GitHub\NominaSoft\Capa1_Presentacion\NominaSoft\dist\out-tsc\environments\environment.js.map
C:\Users\Kfabi\Documents\GitHub\NominaSoft\Capa1_Presentacion\NominaSoft\dist\out-tsc\main.js
C:\Users\Kfabi\Documents\GitHub\NominaSoft\Capa1_Presentacion\NominaSoft\dist\out-tsc\main.js.map
C:\Users\Kfabi\Documents\GitHub\NominaSoft\Capa1_Presentacion\NominaSoft\dist\out-tsc\polyfills.js
C:\Users\Kfabi\Documents\GitHub\NominaSoft\Capa1_Presentacion\NominaSoft\dist\out-tsc\polyfills.js.map
C:\Users\Kfabi\Documents\GitHub\NominaSoft\Capa1_Presentacion\NominaSoft\dist\out-tsc\test.js
C:\Users\Kfabi\Documents\GitHub\NominaSoft\Capa1_Presentacion\NominaSoft\dist\out-tsc\test.js.map
C:\Users\Kfabi\Documents\GitHub\NominaSoft\Capa1_Presentacion\NominaSoft\dist\out-tsc\app\app.component.spec.js
C:\Users\Kfabi\Documents\GitHub\NominaSoft\Capa1_Presentacion\NominaSoft\dist\out-tsc\app\app.component.spec.js.map
C:\Users\Kfabi\Documents\GitHub\NominaSoft\Capa1_Presentacion\NominaSoft\dist\out-tsc\environments\environment.prod.js
C:\Users\Kfabi\Documents\GitHub\NominaSoft\Capa1_Presentacion\NominaSoft\dist\out-tsc\environments\environment.prod.js.map
